[    1049ms] [LOG] [HMR] connected @ http://localhost:3000/_next/static/chunks/node_modules_next_dist_1ybzpk2._.js:2477
[    4287ms] [INFO] Download the React DevTools for a better development experience: https://react.dev/link/react-devtools @ http://localhost:3000/_next/static/chunks/node_modules_next_dist_1ybzpk2._.js:2477
[    4315ms] [TIMESTAMP] Server Requests Track @ http://localhost:3000/_next/static/chunks/node_modules_next_dist_compiled_react-server-dom-turbopack_164kp-6._.js:710
[    4316ms] [TIMESTAMP] Server Components Track @ http://localhost:3000/_next/static/chunks/node_modules_next_dist_compiled_react-server-dom-turbopack_164kp-6._.js:710
[    4408ms] [LOG] [HMR] connected @ http://localhost:3000/_next/static/chunks/node_modules_next_dist_1ybzpk2._.js:2477
[    4447ms] [TIMESTAMP] ​cookies @ http://localhost:3000/_next/static/chunks/node_modules_next_dist_compiled_react-server-dom-turbopack_164kp-6._.js:817
[    4447ms] [TIMESTAMP] ​ @ http://localhost:3000/_next/static/chunks/node_modules_next_dist_compiled_react-server-dom-turbopack_164kp-6._.js:817
[    4473ms] [TIMESTAMP] Blocking Track @ http://localhost:3000/_next/static/chunks/node_modules_next_dist_compiled_react-dom_096_9a-._.js:9246
[    4474ms] [TIMESTAMP] Transition Track @ http://localhost:3000/_next/static/chunks/node_modules_next_dist_compiled_react-dom_096_9a-._.js:9246
[    4475ms] [TIMESTAMP] Suspense Track @ http://localhost:3000/_next/static/chunks/node_modules_next_dist_compiled_react-dom_096_9a-._.js:9246
[    4476ms] [TIMESTAMP] Idle Track @ http://localhost:3000/_next/static/chunks/node_modules_next_dist_compiled_react-dom_096_9a-._.js:9246
[    4528ms] [TIMESTAMP] Blocked @ http://localhost:3000/_next/static/chunks/node_modules_next_dist_compiled_react-dom_096_9a-._.js:9057
[    4604ms] [TIMESTAMP] Blocked @ http://localhost:3000/_next/static/chunks/node_modules_next_dist_compiled_react-dom_096_9a-._.js:9057
[    4610ms] [TIMESTAMP] Server Requests Track @ http://localhost:3000/_next/static/chunks/node_modules_next_dist_compiled_react-server-dom-turbopack_164kp-6._.js:710
[    4610ms] [TIMESTAMP] Server Components Track @ http://localhost:3000/_next/static/chunks/node_modules_next_dist_compiled_react-server-dom-turbopack_164kp-6._.js:710
[    4611ms] [TIMESTAMP] ​Preloads @ http://localhost:3000/_next/static/chunks/node_modules_next_dist_compiled_react-server-dom-turbopack_164kp-6._.js:2219
[    4611ms] [TIMESTAMP] await  @ http://localhost:3000/_next/static/chunks/node_modules_next_dist_compiled_react-server-dom-turbopack_164kp-6._.js:768
[    4612ms] [TIMESTAMP] await cookies @ http://localhost:3000/_next/static/chunks/node_modules_next_dist_compiled_react-server-dom-turbopack_164kp-6._.js:768
[    4613ms] [TIMESTAMP] ​Footer @ http://localhost:3000/_next/static/chunks/node_modules_next_dist_compiled_react-server-dom-turbopack_164kp-6._.js:2219
[    4613ms] [TIMESTAMP] ​HTTPAccessErrorFallback @ http://localhost:3000/_next/static/chunks/node_modules_next_dist_compiled_react-server-dom-turbopack_164kp-6._.js:2219
[    4614ms] [TIMESTAMP] ​NotFound @ http://localhost:3000/_next/static/chunks/node_modules_next_dist_compiled_react-server-dom-turbopack_164kp-6._.js:2219
[    4615ms] [TIMESTAMP] ​RootLayout @ http://localhost:3000/_next/static/chunks/node_modules_next_dist_compiled_react-server-dom-turbopack_164kp-6._.js:2219
[    4616ms] [TIMESTAMP] ​Container @ http://localhost:3000/_next/static/chunks/node_modules_next_dist_compiled_react-server-dom-turbopack_164kp-6._.js:2219
[    4617ms] [TIMESTAMP] ​MCQPageLoading @ http://localhost:3000/_next/static/chunks/node_modules_next_dist_compiled_react-server-dom-turbopack_164kp-6._.js:2219
[    4617ms] [TIMESTAMP] ​MCQPage @ http://localhost:3000/_next/static/chunks/node_modules_next_dist_compiled_react-server-dom-turbopack_164kp-6._.js:2219
[    4619ms] [TIMESTAMP] ​Next.MetadataOutlet @ http://localhost:3000/_next/static/chunks/node_modules_next_dist_compiled_react-server-dom-turbopack_164kp-6._.js:2219
[    4623ms] [TIMESTAMP] ​NonIndex @ http://localhost:3000/_next/static/chunks/node_modules_next_dist_compiled_react-server-dom-turbopack_164kp-6._.js:2219
[    4624ms] [TIMESTAMP] ​Next.Viewport @ http://localhost:3000/_next/static/chunks/node_modules_next_dist_compiled_react-server-dom-turbopack_164kp-6._.js:2219
[    4625ms] [TIMESTAMP] ​ViewportWrapper @ http://localhost:3000/_next/static/chunks/node_modules_next_dist_compiled_react-server-dom-turbopack_164kp-6._.js:2219
[    4627ms] [TIMESTAMP] ​Next.Metadata @ http://localhost:3000/_next/static/chunks/node_modules_next_dist_compiled_react-server-dom-turbopack_164kp-6._.js:2219
[    4628ms] [TIMESTAMP] ​MetadataWrapper @ http://localhost:3000/_next/static/chunks/node_modules_next_dist_compiled_react-server-dom-turbopack_164kp-6._.js:2219
[    4636ms] [TIMESTAMP] Blocked @ http://localhost:3000/_next/static/chunks/node_modules_next_dist_compiled_react-dom_096_9a-._.js:9057
[    4956ms] [TIMESTAMP] Blocked @ http://localhost:3000/_next/static/chunks/node_modules_next_dist_compiled_react-dom_096_9a-._.js:9057
[    4971ms] [LOG] [Fast Refresh] rebuilding @ http://localhost:3000/_next/static/chunks/node_modules_next_dist_1ybzpk2._.js:2477
[    4977ms] [TIMESTAMP] Blocked @ http://localhost:3000/_next/static/chunks/node_modules_next_dist_compiled_react-dom_096_9a-._.js:9057
[    4985ms] [LOG] [Fast Refresh] done in 376ms @ http://localhost:3000/_next/static/chunks/node_modules_next_dist_1ybzpk2._.js:2477
[    4993ms] [TIMESTAMP] Blocked @ http://localhost:3000/_next/static/chunks/node_modules_next_dist_compiled_react-dom_096_9a-._.js:9057
[    5042ms] [TIMESTAMP] Hydrated @ http://localhost:3000/_next/static/chunks/node_modules_next_dist_compiled_react-dom_096_9a-._.js:9696
[    5061ms] [TIMESTAMP] a @ http://localhost:3000/_next/static/chunks/node_modules_next_dist_compiled_react-dom_096_9a-._.js:2874
[    5062ms] [TIMESTAMP] a @ http://localhost:3000/_next/static/chunks/node_modules_next_dist_compiled_react-dom_096_9a-._.js:2874
[    5063ms] [TIMESTAMP] a @ http://localhost:3000/_next/static/chunks/node_modules_next_dist_compiled_react-dom_096_9a-._.js:2874
[    5065ms] [TIMESTAMP] a @ http://localhost:3000/_next/static/chunks/node_modules_next_dist_compiled_react-dom_096_9a-._.js:2874
[    5068ms] [TIMESTAMP] InnerScrollAndFocusHandlerOld @ http://localhost:3000/_next/static/chunks/node_modules_next_dist_compiled_react-dom_096_9a-._.js:2874
[    5070ms] [TIMESTAMP] a @ http://localhost:3000/_next/static/chunks/node_modules_next_dist_compiled_react-dom_096_9a-._.js:2874
[    5072ms] [TIMESTAMP] a @ http://localhost:3000/_next/static/chunks/node_modules_next_dist_compiled_react-dom_096_9a-._.js:2874
[    5074ms] [TIMESTAMP] a @ http://localhost:3000/_next/static/chunks/node_modules_next_dist_compiled_react-dom_096_9a-._.js:2874
[    5074ms] [TIMESTAMP] a @ http://localhost:3000/_next/static/chunks/node_modules_next_dist_compiled_react-dom_096_9a-._.js:2874
[    5076ms] [TIMESTAMP] a @ http://localhost:3000/_next/static/chunks/node_modules_next_dist_compiled_react-dom_096_9a-._.js:2874
[    5077ms] [TIMESTAMP] Commit @ http://localhost:3000/_next/static/chunks/node_modules_next_dist_compiled_react-dom_096_9a-._.js:2915
[    5084ms] [TIMESTAMP] Waiting for Paint @ http://localhost:3000/_next/static/chunks/node_modules_next_dist_compiled_react-dom_096_9a-._.js:9989
[    5085ms] [TIMESTAMP] Root @ http://localhost:3000/_next/static/chunks/node_modules_next_dist_compiled_react-dom_096_9a-._.js:2804
[    5085ms] [TIMESTAMP] ServerRoot @ http://localhost:3000/_next/static/chunks/node_modules_next_dist_compiled_react-dom_096_9a-._.js:2804
[    5087ms] [TIMESTAMP] AppRouter @ http://localhost:3000/_next/static/chunks/node_modules_next_dist_compiled_react-dom_096_9a-._.js:2804
[    5088ms] [TIMESTAMP] RootErrorBoundary @ http://localhost:3000/_next/static/chunks/node_modules_next_dist_compiled_react-dom_096_9a-._.js:2804
[    5090ms] [TIMESTAMP] ErrorBoundary @ http://localhost:3000/_next/static/chunks/node_modules_next_dist_compiled_react-dom_096_9a-._.js:2804
[    5091ms] [TIMESTAMP] ErrorBoundaryHandler @ http://localhost:3000/_next/static/chunks/node_modules_next_dist_compiled_react-dom_096_9a-._.js:2804
[    5091ms] [TIMESTAMP] Router @ http://localhost:3000/_next/static/chunks/node_modules_next_dist_compiled_react-dom_096_9a-._.js:2804
[    5092ms] [TIMESTAMP] HistoryUpdater @ http://localhost:3000/_next/static/chunks/node_modules_next_dist_compiled_react-dom_096_9a-._.js:2804
[    5093ms] [TIMESTAMP] HotReload @ http://localhost:3000/_next/static/chunks/node_modules_next_dist_compiled_react-dom_096_9a-._.js:2804
[    5093ms] [TIMESTAMP] AppDevOverlayErrorBoundary @ http://localhost:3000/_next/static/chunks/node_modules_next_dist_compiled_react-dom_096_9a-._.js:2804
[    5096ms] [TIMESTAMP] ReplaySsrOnlyErrors @ http://localhost:3000/_next/static/chunks/node_modules_next_dist_compiled_react-dom_096_9a-._.js:2804
[    5096ms] [TIMESTAMP] DevRootHTTPAccessFallbackBoundary @ http://localhost:3000/_next/static/chunks/node_modules_next_dist_compiled_react-dom_096_9a-._.js:2804
[    5097ms] [TIMESTAMP] HTTPAccessFallbackBoundary @ http://localhost:3000/_next/static/chunks/node_modules_next_dist_compiled_react-dom_096_9a-._.js:2804
[    5098ms] [TIMESTAMP] HTTPAccessFallbackErrorBoundary @ http://localhost:3000/_next/static/chunks/node_modules_next_dist_compiled_react-dom_096_9a-._.js:2804
[    5099ms] [TIMESTAMP] RedirectBoundary @ http://localhost:3000/_next/static/chunks/node_modules_next_dist_compiled_react-dom_096_9a-._.js:2804
[    5100ms] [TIMESTAMP] RedirectErrorBoundary @ http://localhost:3000/_next/static/chunks/node_modules_next_dist_compiled_react-dom_096_9a-._.js:2804
[    5101ms] [TIMESTAMP] Head @ http://localhost:3000/_next/static/chunks/node_modules_next_dist_compiled_react-dom_096_9a-._.js:2804
[    5103ms] [TIMESTAMP] __next_viewport_boundary__ @ http://localhost:3000/_next/static/chunks/node_modules_next_dist_compiled_react-dom_096_9a-._.js:2804
[    5103ms] [TIMESTAMP] __next_metadata_boundary__ @ http://localhost:3000/_next/static/chunks/node_modules_next_dist_compiled_react-dom_096_9a-._.js:2804
[    5105ms] [TIMESTAMP] __next_root_layout_boundary__ @ http://localhost:3000/_next/static/chunks/node_modules_next_dist_compiled_react-dom_096_9a-._.js:2804
[    5106ms] [TIMESTAMP] SegmentViewNode @ http://localhost:3000/_next/static/chunks/node_modules_next_dist_compiled_react-dom_096_9a-._.js:2804
[    5107ms] [TIMESTAMP] SegmentTrieNode @ http://localhost:3000/_next/static/chunks/node_modules_next_dist_compiled_react-dom_096_9a-._.js:2804
[    5108ms] [TIMESTAMP] SearchProvider @ http://localhost:3000/_next/static/chunks/node_modules_next_dist_compiled_react-dom_096_9a-._.js:2804
[    5109ms] [TIMESTAMP] PublicLayoutWrapper @ http://localhost:3000/_next/static/chunks/node_modules_next_dist_compiled_react-dom_096_9a-._.js:2804
[    5111ms] [TIMESTAMP] Navbar @ http://localhost:3000/_next/static/chunks/node_modules_next_dist_compiled_react-dom_096_9a-._.js:2804
[    5111ms] [TIMESTAMP] Container @ http://localhost:3000/_next/static/chunks/node_modules_next_dist_compiled_react-dom_096_9a-._.js:2804
[    5111ms] [TIMESTAMP] LinkComponent @ http://localhost:3000/_next/static/chunks/node_modules_next_dist_compiled_react-dom_096_9a-._.js:2804
[    5112ms] [TIMESTAMP] ChevronDown @ http://localhost:3000/_next/static/chunks/node_modules_next_dist_compiled_react-dom_096_9a-._.js:2804
[    5112ms] [TIMESTAMP] ForwardRef @ http://localhost:3000/_next/static/chunks/node_modules_next_dist_compiled_react-dom_096_9a-._.js:2804
[    5113ms] [TIMESTAMP] ChevronDown @ http://localhost:3000/_next/static/chunks/node_modules_next_dist_compiled_react-dom_096_9a-._.js:2804
[    5113ms] [TIMESTAMP] ForwardRef @ http://localhost:3000/_next/static/chunks/node_modules_next_dist_compiled_react-dom_096_9a-._.js:2804
[    5114ms] [TIMESTAMP] LinkComponent @ http://localhost:3000/_next/static/chunks/node_modules_next_dist_compiled_react-dom_096_9a-._.js:2804
[    5114ms] [TIMESTAMP] LinkComponent @ http://localhost:3000/_next/static/chunks/node_modules_next_dist_compiled_react-dom_096_9a-._.js:2804
[    5115ms] [TIMESTAMP] LinkComponent @ http://localhost:3000/_next/static/chunks/node_modules_next_dist_compiled_react-dom_096_9a-._.js:2804
[    5115ms] [TIMESTAMP] LinkComponent @ http://localhost:3000/_next/static/chunks/node_modules_next_dist_compiled_react-dom_096_9a-._.js:2804
[    5116ms] [TIMESTAMP] LinkComponent @ http://localhost:3000/_next/static/chunks/node_modules_next_dist_compiled_react-dom_096_9a-._.js:2804
[    5117ms] [TIMESTAMP] Search @ http://localhost:3000/_next/static/chunks/node_modules_next_dist_compiled_react-dom_096_9a-._.js:2804
[    5118ms] [TIMESTAMP] ForwardRef @ http://localhost:3000/_next/static/chunks/node_modules_next_dist_compiled_react-dom_096_9a-._.js:2804
[    5119ms] [TIMESTAMP] LinkComponent @ http://localhost:3000/_next/static/chunks/node_modules_next_dist_compiled_react-dom_096_9a-._.js:2804
[    5119ms] [TIMESTAMP] Menu @ http://localhost:3000/_next/static/chunks/node_modules_next_dist_compiled_react-dom_096_9a-._.js:2804
[    5120ms] [TIMESTAMP] ForwardRef @ http://localhost:3000/_next/static/chunks/node_modules_next_dist_compiled_react-dom_096_9a-._.js:2804
[    5139ms] [TIMESTAMP] Navbar @ http://localhost:3000/_next/static/chunks/node_modules_next_dist_compiled_react-dom_096_9a-._.js:2874
[    5139ms] [TIMESTAMP] OuterLayoutRouter @ http://localhost:3000/_next/static/chunks/node_modules_next_dist_compiled_react-dom_096_9a-._.js:2804
[    5140ms] [TIMESTAMP] SegmentStateProvider @ http://localhost:3000/_next/static/chunks/node_modules_next_dist_compiled_react-dom_096_9a-._.js:2804
[    5140ms] [TIMESTAMP] RenderFromTemplateContext @ http://localhost:3000/_next/static/chunks/node_modules_next_dist_compiled_react-dom_096_9a-._.js:2804
[    5142ms] [TIMESTAMP] ScrollAndMaybeFocusHandler @ http://localhost:3000/_next/static/chunks/node_modules_next_dist_compiled_react-dom_096_9a-._.js:2804
[    5144ms] [TIMESTAMP] InnerScrollAndFocusHandlerOld @ http://localhost:3000/_next/static/chunks/node_modules_next_dist_compiled_react-dom_096_9a-._.js:2804
[    5144ms] [TIMESTAMP] ErrorBoundary @ http://localhost:3000/_next/static/chunks/node_modules_next_dist_compiled_react-dom_096_9a-._.js:2804
[    5145ms] [TIMESTAMP] LoadingBoundary @ http://localhost:3000/_next/static/chunks/node_modules_next_dist_compiled_react-dom_096_9a-._.js:2804
[    5145ms] [TIMESTAMP] HTTPAccessFallbackBoundary @ http://localhost:3000/_next/static/chunks/node_modules_next_dist_compiled_react-dom_096_9a-._.js:2804
[    5146ms] [TIMESTAMP] HTTPAccessFallbackErrorBoundary @ http://localhost:3000/_next/static/chunks/node_modules_next_dist_compiled_react-dom_096_9a-._.js:2804
[    5146ms] [TIMESTAMP] RedirectBoundary @ http://localhost:3000/_next/static/chunks/node_modules_next_dist_compiled_react-dom_096_9a-._.js:2804
[    5147ms] [TIMESTAMP] RedirectErrorBoundary @ http://localhost:3000/_next/static/chunks/node_modules_next_dist_compiled_react-dom_096_9a-._.js:2804
[    5148ms] [TIMESTAMP] InnerLayoutRouter @ http://localhost:3000/_next/static/chunks/node_modules_next_dist_compiled_react-dom_096_9a-._.js:2804
[    5149ms] [TIMESTAMP] LoadingBoundaryProvider @ http://localhost:3000/_next/static/chunks/node_modules_next_dist_compiled_react-dom_096_9a-._.js:2804
[    5149ms] [TIMESTAMP] OuterLayoutRouter @ http://localhost:3000/_next/static/chunks/node_modules_next_dist_compiled_react-dom_096_9a-._.js:2804
[    5150ms] [TIMESTAMP] SegmentStateProvider @ http://localhost:3000/_next/static/chunks/node_modules_next_dist_compiled_react-dom_096_9a-._.js:2804
[    5151ms] [TIMESTAMP] RenderFromTemplateContext @ http://localhost:3000/_next/static/chunks/node_modules_next_dist_compiled_react-dom_096_9a-._.js:2804
[    5152ms] [TIMESTAMP] ScrollAndMaybeFocusHandler @ http://localhost:3000/_next/static/chunks/node_modules_next_dist_compiled_react-dom_096_9a-._.js:2804
[    5153ms] [TIMESTAMP] InnerScrollAndFocusHandlerOld @ http://localhost:3000/_next/static/chunks/node_modules_next_dist_compiled_react-dom_096_9a-._.js:2804
[    5154ms] [TIMESTAMP] SegmentViewStateNode @ http://localhost:3000/_next/static/chunks/node_modules_next_dist_compiled_react-dom_096_9a-._.js:2804
[    5155ms] [TIMESTAMP] SegmentViewNode @ http://localhost:3000/_next/static/chunks/node_modules_next_dist_compiled_react-dom_096_9a-._.js:2804
[    5156ms] [TIMESTAMP] SegmentViewNode @ http://localhost:3000/_next/static/chunks/node_modules_next_dist_compiled_react-dom_096_9a-._.js:2804
[    5158ms] [TIMESTAMP] SegmentTrieNode @ http://localhost:3000/_next/static/chunks/node_modules_next_dist_compiled_react-dom_096_9a-._.js:2804
[    5159ms] [TIMESTAMP] LinkComponent @ http://localhost:3000/_next/static/chunks/node_modules_next_dist_compiled_react-dom_096_9a-._.js:2804
[    5160ms] [TIMESTAMP] LinkComponent @ http://localhost:3000/_next/static/chunks/node_modules_next_dist_compiled_react-dom_096_9a-._.js:2804
[    5161ms] [TIMESTAMP] LinkComponent @ http://localhost:3000/_next/static/chunks/node_modules_next_dist_compiled_react-dom_096_9a-._.js:2804
[    5162ms] [TIMESTAMP] LinkComponent @ http://localhost:3000/_next/static/chunks/node_modules_next_dist_compiled_react-dom_096_9a-._.js:2804
[    5163ms] [TIMESTAMP] LinkComponent @ http://localhost:3000/_next/static/chunks/node_modules_next_dist_compiled_react-dom_096_9a-._.js:2804
[    5164ms] [TIMESTAMP] LinkComponent @ http://localhost:3000/_next/static/chunks/node_modules_next_dist_compiled_react-dom_096_9a-._.js:2804
[    5165ms] [TIMESTAMP] LinkComponent @ http://localhost:3000/_next/static/chunks/node_modules_next_dist_compiled_react-dom_096_9a-._.js:2804
[    5166ms] [TIMESTAMP] LinkComponent @ http://localhost:3000/_next/static/chunks/node_modules_next_dist_compiled_react-dom_096_9a-._.js:2804
[    5167ms] [TIMESTAMP] LinkComponent @ http://localhost:3000/_next/static/chunks/node_modules_next_dist_compiled_react-dom_096_9a-._.js:2804
[    5168ms] [TIMESTAMP] LinkComponent @ http://localhost:3000/_next/static/chunks/node_modules_next_dist_compiled_react-dom_096_9a-._.js:2804
[    5170ms] [TIMESTAMP] LinkComponent @ http://localhost:3000/_next/static/chunks/node_modules_next_dist_compiled_react-dom_096_9a-._.js:2804
[    5170ms] [TIMESTAMP] LinkComponent @ http://localhost:3000/_next/static/chunks/node_modules_next_dist_compiled_react-dom_096_9a-._.js:2804
[    5171ms] [TIMESTAMP] LinkComponent @ http://localhost:3000/_next/static/chunks/node_modules_next_dist_compiled_react-dom_096_9a-._.js:2804
[    5171ms] [TIMESTAMP] SearchModal @ http://localhost:3000/_next/static/chunks/node_modules_next_dist_compiled_react-dom_096_9a-._.js:2804
[    5174ms] [TIMESTAMP] SearchModal @ http://localhost:3000/_next/static/chunks/node_modules_next_dist_compiled_react-dom_096_9a-._.js:2874
[    5175ms] [TIMESTAMP] AppRouterAnnouncer @ http://localhost:3000/_next/static/chunks/node_modules_next_dist_compiled_react-dom_096_9a-._.js:2804
[    5176ms] [TIMESTAMP] HotReload @ http://localhost:3000/_next/static/chunks/node_modules_next_dist_compiled_react-dom_096_9a-._.js:2874
[    5177ms] [TIMESTAMP] Router @ http://localhost:3000/_next/static/chunks/node_modules_next_dist_compiled_react-dom_096_9a-._.js:2874
[    5178ms] [TIMESTAMP] Remaining Effects @ http://localhost:3000/_next/static/chunks/node_modules_next_dist_compiled_react-dom_096_9a-._.js:10005
[    5217ms] [TIMESTAMP] Blocking Track @ http://localhost:3000/_next/static/chunks/node_modules_next_dist_compiled_react-dom_096_9a-._.js:9246
[    5219ms] [TIMESTAMP] Transition Track @ http://localhost:3000/_next/static/chunks/node_modules_next_dist_compiled_react-dom_096_9a-._.js:9246
[    5222ms] [TIMESTAMP] Suspense Track @ http://localhost:3000/_next/static/chunks/node_modules_next_dist_compiled_react-dom_096_9a-._.js:9246
[    5223ms] [TIMESTAMP] Idle Track @ http://localhost:3000/_next/static/chunks/node_modules_next_dist_compiled_react-dom_096_9a-._.js:9246
[    5228ms] [TIMESTAMP] Render @ http://localhost:3000/_next/static/chunks/node_modules_next_dist_compiled_react-dom_096_9a-._.js:9696
[    5229ms] [TIMESTAMP] Commit @ http://localhost:3000/_next/static/chunks/node_modules_next_dist_compiled_react-dom_096_9a-._.js:2915
[    5232ms] [TIMESTAMP] Waiting for Paint @ http://localhost:3000/_next/static/chunks/node_modules_next_dist_compiled_react-dom_096_9a-._.js:9989
[    5234ms] [TIMESTAMP] AppRouterAnnouncer @ http://localhost:3000/_next/static/chunks/node_modules_next_dist_compiled_react-dom_096_9a-._.js:2804
[    5237ms] [TIMESTAMP] Remaining Effects @ http://localhost:3000/_next/static/chunks/node_modules_next_dist_compiled_react-dom_096_9a-._.js:10005
[    5238ms] [TIMESTAMP] Blocking Track @ http://localhost:3000/_next/static/chunks/node_modules_next_dist_compiled_react-dom_096_9a-._.js:9246
[    5239ms] [TIMESTAMP] Transition Track @ http://localhost:3000/_next/static/chunks/node_modules_next_dist_compiled_react-dom_096_9a-._.js:9246
[    5239ms] [TIMESTAMP] Suspense Track @ http://localhost:3000/_next/static/chunks/node_modules_next_dist_compiled_react-dom_096_9a-._.js:9246
[    5240ms] [TIMESTAMP] Idle Track @ http://localhost:3000/_next/static/chunks/node_modules_next_dist_compiled_react-dom_096_9a-._.js:9246
[    5241ms] [TIMESTAMP] Render @ http://localhost:3000/_next/static/chunks/node_modules_next_dist_compiled_react-dom_096_9a-._.js:9696
[    5243ms] [TIMESTAMP] Blocking Track @ http://localhost:3000/_next/static/chunks/node_modules_next_dist_compiled_react-dom_096_9a-._.js:9246
[    5244ms] [TIMESTAMP] Transition Track @ http://localhost:3000/_next/static/chunks/node_modules_next_dist_compiled_react-dom_096_9a-._.js:9246
[    5244ms] [TIMESTAMP] Suspense Track @ http://localhost:3000/_next/static/chunks/node_modules_next_dist_compiled_react-dom_096_9a-._.js:9246
[    5245ms] [TIMESTAMP] Idle Track @ http://localhost:3000/_next/static/chunks/node_modules_next_dist_compiled_react-dom_096_9a-._.js:9246
[    5259ms] [TIMESTAMP] Prepared @ http://localhost:3000/_next/static/chunks/node_modules_next_dist_compiled_react-dom_096_9a-._.js:9696
[    5263ms] [TIMESTAMP] Commit @ http://localhost:3000/_next/static/chunks/node_modules_next_dist_compiled_react-dom_096_9a-._.js:2915
[    5265ms] [TIMESTAMP] Waiting for Paint @ http://localhost:3000/_next/static/chunks/node_modules_next_dist_compiled_react-dom_096_9a-._.js:9989
[    5266ms] [TIMESTAMP] HTTPAccessFallbackBoundary @ http://localhost:3000/_next/static/chunks/node_modules_next_dist_compiled_react-dom_096_9a-._.js:2804
[    5267ms] [TIMESTAMP] RedirectBoundary @ http://localhost:3000/_next/static/chunks/node_modules_next_dist_compiled_react-dom_096_9a-._.js:2804
[    5267ms] [TIMESTAMP] RedirectErrorBoundary @ http://localhost:3000/_next/static/chunks/node_modules_next_dist_compiled_react-dom_096_9a-._.js:2804
[    5268ms] [TIMESTAMP] InnerLayoutRouter @ http://localhost:3000/_next/static/chunks/node_modules_next_dist_compiled_react-dom_096_9a-._.js:2804
[    5269ms] [TIMESTAMP] SegmentViewNode @ http://localhost:3000/_next/static/chunks/node_modules_next_dist_compiled_react-dom_096_9a-._.js:2804
[    5269ms] [TIMESTAMP] SegmentTrieNode @ http://localhost:3000/_next/static/chunks/node_modules_next_dist_compiled_react-dom_096_9a-._.js:2804
[    5270ms] [TIMESTAMP] MCQClient @ http://localhost:3000/_next/static/chunks/node_modules_next_dist_compiled_react-dom_096_9a-._.js:2804
[    5271ms] [TIMESTAMP] Container @ http://localhost:3000/_next/static/chunks/node_modules_next_dist_compiled_react-dom_096_9a-._.js:2804
[    5271ms] [TIMESTAMP] LoaderCircle @ http://localhost:3000/_next/static/chunks/node_modules_next_dist_compiled_react-dom_096_9a-._.js:2804
[    5272ms] [TIMESTAMP] ForwardRef @ http://localhost:3000/_next/static/chunks/node_modules_next_dist_compiled_react-dom_096_9a-._.js:2804
[    5273ms] [TIMESTAMP] Button @ http://localhost:3000/_next/static/chunks/node_modules_next_dist_compiled_react-dom_096_9a-._.js:2804
[    5274ms] [TIMESTAMP] CirclePlay @ http://localhost:3000/_next/static/chunks/node_modules_next_dist_compiled_react-dom_096_9a-._.js:2804
[    5274ms] [TIMESTAMP] ForwardRef @ http://localhost:3000/_next/static/chunks/node_modules_next_dist_compiled_react-dom_096_9a-._.js:2804
[    5277ms] [TIMESTAMP] MCQClient @ http://localhost:3000/_next/static/chunks/node_modules_next_dist_compiled_react-dom_096_9a-._.js:2874
[    5278ms] [TIMESTAMP] __next_outlet_boundary__ @ http://localhost:3000/_next/static/chunks/node_modules_next_dist_compiled_react-dom_096_9a-._.js:2804
[    5279ms] [TIMESTAMP] Remaining Effects @ http://localhost:3000/_next/static/chunks/node_modules_next_dist_compiled_react-dom_096_9a-._.js:10005
[    5294ms] [TIMESTAMP] Blocking Track @ http://localhost:3000/_next/static/chunks/node_modules_next_dist_compiled_react-dom_096_9a-._.js:9246
[    5294ms] [TIMESTAMP] Transition Track @ http://localhost:3000/_next/static/chunks/node_modules_next_dist_compiled_react-dom_096_9a-._.js:9246
[    5295ms] [TIMESTAMP] Suspense Track @ http://localhost:3000/_next/static/chunks/node_modules_next_dist_compiled_react-dom_096_9a-._.js:9246
[    5295ms] [TIMESTAMP] Idle Track @ http://localhost:3000/_next/static/chunks/node_modules_next_dist_compiled_react-dom_096_9a-._.js:9246
[    5297ms] [TIMESTAMP] Render @ http://localhost:3000/_next/static/chunks/node_modules_next_dist_compiled_react-dom_096_9a-._.js:9696
[    5299ms] [TIMESTAMP] Commit @ http://localhost:3000/_next/static/chunks/node_modules_next_dist_compiled_react-dom_096_9a-._.js:2915
[    5301ms] [TIMESTAMP] Blocking Track @ http://localhost:3000/_next/static/chunks/node_modules_next_dist_compiled_react-dom_096_9a-._.js:9246
[    5303ms] [TIMESTAMP] Transition Track @ http://localhost:3000/_next/static/chunks/node_modules_next_dist_compiled_react-dom_096_9a-._.js:9246
[    5304ms] [TIMESTAMP] Suspense Track @ http://localhost:3000/_next/static/chunks/node_modules_next_dist_compiled_react-dom_096_9a-._.js:9246
[    5304ms] [TIMESTAMP] Idle Track @ http://localhost:3000/_next/static/chunks/node_modules_next_dist_compiled_react-dom_096_9a-._.js:9246
[    5308ms] [TIMESTAMP] Prepared @ http://localhost:3000/_next/static/chunks/node_modules_next_dist_compiled_react-dom_096_9a-._.js:9696
[    5310ms] [TIMESTAMP] Commit @ http://localhost:3000/_next/static/chunks/node_modules_next_dist_compiled_react-dom_096_9a-._.js:2915
[    5311ms] [TIMESTAMP] Waiting for Paint @ http://localhost:3000/_next/static/chunks/node_modules_next_dist_compiled_react-dom_096_9a-._.js:9989
[    5312ms] [TIMESTAMP] Remaining Effects @ http://localhost:3000/_next/static/chunks/node_modules_next_dist_compiled_react-dom_096_9a-._.js:10005
[    5345ms] [TIMESTAMP] Blocking Track @ http://localhost:3000/_next/static/chunks/node_modules_next_dist_compiled_react-dom_096_9a-._.js:9246
[    5353ms] [TIMESTAMP] Transition Track @ http://localhost:3000/_next/static/chunks/node_modules_next_dist_compiled_react-dom_096_9a-._.js:9246
[    5354ms] [TIMESTAMP] Suspense Track @ http://localhost:3000/_next/static/chunks/node_modules_next_dist_compiled_react-dom_096_9a-._.js:9246
[    5354ms] [TIMESTAMP] Idle Track @ http://localhost:3000/_next/static/chunks/node_modules_next_dist_compiled_react-dom_096_9a-._.js:9246
[    5367ms] [TIMESTAMP] Render @ http://localhost:3000/_next/static/chunks/node_modules_next_dist_compiled_react-dom_096_9a-._.js:9696
[    5370ms] [TIMESTAMP] Commit @ http://localhost:3000/_next/static/chunks/node_modules_next_dist_compiled_react-dom_096_9a-._.js:2915
[    5372ms] [TIMESTAMP] Waiting for Paint @ http://localhost:3000/_next/static/chunks/node_modules_next_dist_compiled_react-dom_096_9a-._.js:9989
[    5373ms] [TIMESTAMP] Navbar @ http://localhost:3000/_next/static/chunks/node_modules_next_dist_compiled_react-dom_096_9a-._.js:2804
[    5374ms] [TIMESTAMP] ChevronDown @ http://localhost:3000/_next/static/chunks/node_modules_next_dist_compiled_react-dom_096_9a-._.js:2804
[    5374ms] [TIMESTAMP] LinkComponent @ http://localhost:3000/_next/static/chunks/node_modules_next_dist_compiled_react-dom_096_9a-._.js:2804
[    5375ms] [TIMESTAMP] LinkComponent @ http://localhost:3000/_next/static/chunks/node_modules_next_dist_compiled_react-dom_096_9a-._.js:2804
[    5377ms] [TIMESTAMP] LinkComponent @ http://localhost:3000/_next/static/chunks/node_modules_next_dist_compiled_react-dom_096_9a-._.js:2804
[    5379ms] [TIMESTAMP] LinkComponent @ http://localhost:3000/_next/static/chunks/node_modules_next_dist_compiled_react-dom_096_9a-._.js:2804
[    5380ms] [TIMESTAMP] LinkComponent @ http://localhost:3000/_next/static/chunks/node_modules_next_dist_compiled_react-dom_096_9a-._.js:2804
[    5380ms] [TIMESTAMP] Search @ http://localhost:3000/_next/static/chunks/node_modules_next_dist_compiled_react-dom_096_9a-._.js:2804
[    5383ms] [TIMESTAMP] ForwardRef @ http://localhost:3000/_next/static/chunks/node_modules_next_dist_compiled_react-dom_096_9a-._.js:2804
[    5384ms] [TIMESTAMP] LinkComponent @ http://localhost:3000/_next/static/chunks/node_modules_next_dist_compiled_react-dom_096_9a-._.js:2804
[    5384ms] [TIMESTAMP] Menu @ http://localhost:3000/_next/static/chunks/node_modules_next_dist_compiled_react-dom_096_9a-._.js:2804
[    5385ms] [TIMESTAMP] ForwardRef @ http://localhost:3000/_next/static/chunks/node_modules_next_dist_compiled_react-dom_096_9a-._.js:2804
[    5385ms] [TIMESTAMP] Remaining Effects @ http://localhost:3000/_next/static/chunks/node_modules_next_dist_compiled_react-dom_096_9a-._.js:10005
[    5427ms] [TIMESTAMP] Blocking Track @ http://localhost:3000/_next/static/chunks/node_modules_next_dist_compiled_react-dom_096_9a-._.js:9246
[    5428ms] [TIMESTAMP] Transition Track @ http://localhost:3000/_next/static/chunks/node_modules_next_dist_compiled_react-dom_096_9a-._.js:9246
[    5428ms] [TIMESTAMP] Suspense Track @ http://localhost:3000/_next/static/chunks/node_modules_next_dist_compiled_react-dom_096_9a-._.js:9246
[    5428ms] [TIMESTAMP] Idle Track @ http://localhost:3000/_next/static/chunks/node_modules_next_dist_compiled_react-dom_096_9a-._.js:9246
[    5441ms] [TIMESTAMP] Render @ http://localhost:3000/_next/static/chunks/node_modules_next_dist_compiled_react-dom_096_9a-._.js:9696
[    5443ms] [TIMESTAMP] Commit @ http://localhost:3000/_next/static/chunks/node_modules_next_dist_compiled_react-dom_096_9a-._.js:2915
[    5453ms] [TIMESTAMP] Waiting for Paint @ http://localhost:3000/_next/static/chunks/node_modules_next_dist_compiled_react-dom_096_9a-._.js:9989
[    5454ms] [TIMESTAMP] MCQClient @ http://localhost:3000/_next/static/chunks/node_modules_next_dist_compiled_react-dom_096_9a-._.js:2804
[    5455ms] [TIMESTAMP] MCQFilters @ http://localhost:3000/_next/static/chunks/node_modules_next_dist_compiled_react-dom_096_9a-._.js:2804
[    5455ms] [TIMESTAMP] CircleAlert @ http://localhost:3000/_next/static/chunks/node_modules_next_dist_compiled_react-dom_096_9a-._.js:2804
[    5457ms] [TIMESTAMP] ForwardRef @ http://localhost:3000/_next/static/chunks/node_modules_next_dist_compiled_react-dom_096_9a-._.js:2804
[    5458ms] [TIMESTAMP] CirclePlay @ http://localhost:3000/_next/static/chunks/node_modules_next_dist_compiled_react-dom_096_9a-._.js:2804
[    5459ms] [TIMESTAMP] ForwardRef @ http://localhost:3000/_next/static/chunks/node_modules_next_dist_compiled_react-dom_096_9a-._.js:2804
[    5459ms] [TIMESTAMP] Remaining Effects @ http://localhost:3000/_next/static/chunks/node_modules_next_dist_compiled_react-dom_096_9a-._.js:10005
[   14004ms] [WARNING] [JavaScript Warning: "The resource at “http://localhost:3000/_next/static/media/1f95d4beca86b0f6-s.p.0nu0d1-zq0f7n.woff2” preloaded with link preload was not used within a few seconds. Make sure all attributes of the preload tag are set correctly." {file: "http://localhost:3000/mcq" line: 0}] @ http://localhost:3000/mcq:0
[   14005ms] [WARNING] [JavaScript Warning: "The resource at “http://localhost:3000/_next/static/media/34478e929f11203a-s.p.43mqagctl8tum.woff2” preloaded with link preload was not used within a few seconds. Make sure all attributes of the preload tag are set correctly." {file: "http://localhost:3000/mcq" line: 0}] @ http://localhost:3000/mcq:0
[   14005ms] [WARNING] [JavaScript Warning: "The resource at “http://localhost:3000/_next/static/media/41931bcfb0882149-s.p.25nryw0o9gs0k.woff2” preloaded with link preload was not used within a few seconds. Make sure all attributes of the preload tag are set correctly." {file: "http://localhost:3000/mcq" line: 0}] @ http://localhost:3000/mcq:0
[   14005ms] [WARNING] [JavaScript Warning: "The resource at “http://localhost:3000/_next/static/media/5838bc3f070fd510-s.p.3vga9zqu1bmt7.woff2” preloaded with link preload was not used within a few seconds. Make sure all attributes of the preload tag are set correctly." {file: "http://localhost:3000/mcq" line: 0}] @ http://localhost:3000/mcq:0
[   14005ms] [WARNING] [JavaScript Warning: "The resource at “http://localhost:3000/_next/static/media/70bc3e132a0a741e-s.p.3t6q91iet4nsy.woff2” preloaded with link preload was not used within a few seconds. Make sure all attributes of the preload tag are set correctly." {file: "http://localhost:3000/mcq" line: 0}] @ http://localhost:3000/mcq:0
[   14006ms] [WARNING] [JavaScript Warning: "The resource at “http://localhost:3000/_next/static/media/7ca7a04daf1e7f98-s.p.2ih2w5qn4g81_.woff2” preloaded with link preload was not used within a few seconds. Make sure all attributes of the preload tag are set correctly." {file: "http://localhost:3000/mcq" line: 0}] @ http://localhost:3000/mcq:0
[   14006ms] [WARNING] [JavaScript Warning: "The resource at “http://localhost:3000/_next/static/media/83afe278b6a6bb3c-s.p.2bn3s6zvc0dyp.woff2” preloaded with link preload was not used within a few seconds. Make sure all attributes of the preload tag are set correctly." {file: "http://localhost:3000/mcq" line: 0}] @ http://localhost:3000/mcq:0
[   14007ms] [WARNING] [JavaScript Warning: "The resource at “http://localhost:3000/_next/static/media/d62a86ea65eb628c-s.p.3eswb6t44uyhi.woff2” preloaded with link preload was not used within a few seconds. Make sure all attributes of the preload tag are set correctly." {file: "http://localhost:3000/mcq" line: 0}] @ http://localhost:3000/mcq:0
[   14007ms] [WARNING] [JavaScript Warning: "The resource at “http://localhost:3000/_next/static/media/fcdafff93183a575-s.p.0ab1x-y9kciz7.woff2” preloaded with link preload was not used within a few seconds. Make sure all attributes of the preload tag are set correctly." {file: "http://localhost:3000/mcq" line: 0}] @ http://localhost:3000/mcq:0
