[    2282ms] [INFO] Download the React DevTools for a better development experience: https://react.dev/link/react-devtools @ http://localhost:3000/_next/static/chunks/node_modules_next_dist_1ybzpk2._.js:2477
[    2295ms] [TIMESTAMP] Server Requests Track @ http://localhost:3000/_next/static/chunks/node_modules_next_dist_compiled_react-server-dom-turbopack_164kp-6._.js:710
[    2295ms] [TIMESTAMP] Server Components Track @ http://localhost:3000/_next/static/chunks/node_modules_next_dist_compiled_react-server-dom-turbopack_164kp-6._.js:710
[    2537ms] [LOG] [HMR] connected @ http://localhost:3000/_next/static/chunks/node_modules_next_dist_1ybzpk2._.js:2477
[    2602ms] [TIMESTAMP] ​cookies @ http://localhost:3000/_next/static/chunks/node_modules_next_dist_compiled_react-server-dom-turbopack_164kp-6._.js:817
[    2603ms] [TIMESTAMP] ​ @ http://localhost:3000/_next/static/chunks/node_modules_next_dist_compiled_react-server-dom-turbopack_164kp-6._.js:817
[    2603ms] [TIMESTAMP] ​ @ http://localhost:3000/_next/static/chunks/node_modules_next_dist_compiled_react-server-dom-turbopack_164kp-6._.js:817
[    2604ms] [TIMESTAMP] ​ @ http://localhost:3000/_next/static/chunks/node_modules_next_dist_compiled_react-server-dom-turbopack_164kp-6._.js:817
[    2665ms] [TIMESTAMP] Blocking Track @ http://localhost:3000/_next/static/chunks/node_modules_next_dist_compiled_react-dom_096_9a-._.js:9246
[    2666ms] [TIMESTAMP] Transition Track @ http://localhost:3000/_next/static/chunks/node_modules_next_dist_compiled_react-dom_096_9a-._.js:9246
[    2667ms] [TIMESTAMP] Suspense Track @ http://localhost:3000/_next/static/chunks/node_modules_next_dist_compiled_react-dom_096_9a-._.js:9246
[    2668ms] [TIMESTAMP] Idle Track @ http://localhost:3000/_next/static/chunks/node_modules_next_dist_compiled_react-dom_096_9a-._.js:9246
[    2735ms] [TIMESTAMP] Blocked @ http://localhost:3000/_next/static/chunks/node_modules_next_dist_compiled_react-dom_096_9a-._.js:9057
[    2743ms] [TIMESTAMP] Server Requests Track @ http://localhost:3000/_next/static/chunks/node_modules_next_dist_compiled_react-server-dom-turbopack_164kp-6._.js:710
[    2746ms] [TIMESTAMP] Server Components Track @ http://localhost:3000/_next/static/chunks/node_modules_next_dist_compiled_react-server-dom-turbopack_164kp-6._.js:710
[    2746ms] [TIMESTAMP] ​Preloads @ http://localhost:3000/_next/static/chunks/node_modules_next_dist_compiled_react-server-dom-turbopack_164kp-6._.js:2219
[    2746ms] [TIMESTAMP] await  @ http://localhost:3000/_next/static/chunks/node_modules_next_dist_compiled_react-server-dom-turbopack_164kp-6._.js:768
[    2746ms] [TIMESTAMP] await cookies @ http://localhost:3000/_next/static/chunks/node_modules_next_dist_compiled_react-server-dom-turbopack_164kp-6._.js:768
[    2746ms] [TIMESTAMP] ​Footer @ http://localhost:3000/_next/static/chunks/node_modules_next_dist_compiled_react-server-dom-turbopack_164kp-6._.js:2219
[    2747ms] [TIMESTAMP] ​HTTPAccessErrorFallback @ http://localhost:3000/_next/static/chunks/node_modules_next_dist_compiled_react-server-dom-turbopack_164kp-6._.js:2219
[    2748ms] [TIMESTAMP] ​NotFound @ http://localhost:3000/_next/static/chunks/node_modules_next_dist_compiled_react-server-dom-turbopack_164kp-6._.js:2219
[    2748ms] [TIMESTAMP] ​RootLayout @ http://localhost:3000/_next/static/chunks/node_modules_next_dist_compiled_react-server-dom-turbopack_164kp-6._.js:2219
[    2749ms] [TIMESTAMP] await  @ http://localhost:3000/_next/static/chunks/node_modules_next_dist_compiled_react-server-dom-turbopack_164kp-6._.js:768
[    2756ms] [TIMESTAMP] await  @ http://localhost:3000/_next/static/chunks/node_modules_next_dist_compiled_react-server-dom-turbopack_164kp-6._.js:768
[    2757ms] [TIMESTAMP] ​HomePage @ http://localhost:3000/_next/static/chunks/node_modules_next_dist_compiled_react-server-dom-turbopack_164kp-6._.js:2219
[    2759ms] [TIMESTAMP] ​Next.MetadataOutlet @ http://localhost:3000/_next/static/chunks/node_modules_next_dist_compiled_react-server-dom-turbopack_164kp-6._.js:2219
[    2762ms] [TIMESTAMP] ​NonIndex @ http://localhost:3000/_next/static/chunks/node_modules_next_dist_compiled_react-server-dom-turbopack_164kp-6._.js:2219
[    2764ms] [TIMESTAMP] ​Next.Viewport @ http://localhost:3000/_next/static/chunks/node_modules_next_dist_compiled_react-server-dom-turbopack_164kp-6._.js:2219
[    2766ms] [TIMESTAMP] ​ViewportWrapper @ http://localhost:3000/_next/static/chunks/node_modules_next_dist_compiled_react-server-dom-turbopack_164kp-6._.js:2219
[    2767ms] [TIMESTAMP] ​Next.Metadata @ http://localhost:3000/_next/static/chunks/node_modules_next_dist_compiled_react-server-dom-turbopack_164kp-6._.js:2219
[    2769ms] [TIMESTAMP] ​MetadataWrapper @ http://localhost:3000/_next/static/chunks/node_modules_next_dist_compiled_react-server-dom-turbopack_164kp-6._.js:2219
[    2973ms] [TIMESTAMP] Blocked @ http://localhost:3000/_next/static/chunks/node_modules_next_dist_compiled_react-dom_096_9a-._.js:9057
[    3070ms] [TIMESTAMP] Blocked @ http://localhost:3000/_next/static/chunks/node_modules_next_dist_compiled_react-dom_096_9a-._.js:9057
[    3138ms] [TIMESTAMP] Blocked @ http://localhost:3000/_next/static/chunks/node_modules_next_dist_compiled_react-dom_096_9a-._.js:9057
[    3610ms] [TIMESTAMP] Blocked @ http://localhost:3000/_next/static/chunks/node_modules_next_dist_compiled_react-dom_096_9a-._.js:9057
[    3616ms] [TIMESTAMP] Blocked @ http://localhost:3000/_next/static/chunks/node_modules_next_dist_compiled_react-dom_096_9a-._.js:9057
[    3717ms] [TIMESTAMP] Blocked @ http://localhost:3000/_next/static/chunks/node_modules_next_dist_compiled_react-dom_096_9a-._.js:9057
[    3734ms] [TIMESTAMP] Blocked @ http://localhost:3000/_next/static/chunks/node_modules_next_dist_compiled_react-dom_096_9a-._.js:9057
[    3746ms] [TIMESTAMP] Blocked @ http://localhost:3000/_next/static/chunks/node_modules_next_dist_compiled_react-dom_096_9a-._.js:9057
[    3753ms] [TIMESTAMP] Blocked @ http://localhost:3000/_next/static/chunks/node_modules_next_dist_compiled_react-dom_096_9a-._.js:9057
[    3825ms] [TIMESTAMP] Hydrated @ http://localhost:3000/_next/static/chunks/node_modules_next_dist_compiled_react-dom_096_9a-._.js:9696
[    3832ms] [TIMESTAMP] SegmentTrieNode @ http://localhost:3000/_next/static/chunks/node_modules_next_dist_compiled_react-dom_096_9a-._.js:2874
[    3835ms] [TIMESTAMP] a @ http://localhost:3000/_next/static/chunks/node_modules_next_dist_compiled_react-dom_096_9a-._.js:2874
[    3836ms] [TIMESTAMP] a @ http://localhost:3000/_next/static/chunks/node_modules_next_dist_compiled_react-dom_096_9a-._.js:2874
[    3840ms] [TIMESTAMP] a @ http://localhost:3000/_next/static/chunks/node_modules_next_dist_compiled_react-dom_096_9a-._.js:2874
[    3842ms] [TIMESTAMP] a @ http://localhost:3000/_next/static/chunks/node_modules_next_dist_compiled_react-dom_096_9a-._.js:2874
[    3843ms] [TIMESTAMP] a @ http://localhost:3000/_next/static/chunks/node_modules_next_dist_compiled_react-dom_096_9a-._.js:2874
[    3847ms] [TIMESTAMP] a @ http://localhost:3000/_next/static/chunks/node_modules_next_dist_compiled_react-dom_096_9a-._.js:2874
[    3849ms] [TIMESTAMP] a @ http://localhost:3000/_next/static/chunks/node_modules_next_dist_compiled_react-dom_096_9a-._.js:2874
[    3851ms] [TIMESTAMP] img @ http://localhost:3000/_next/static/chunks/node_modules_next_dist_compiled_react-dom_096_9a-._.js:2874
[    3853ms] [TIMESTAMP] SegmentViewStateNode @ http://localhost:3000/_next/static/chunks/node_modules_next_dist_compiled_react-dom_096_9a-._.js:2874
[    3856ms] [TIMESTAMP] a @ http://localhost:3000/_next/static/chunks/node_modules_next_dist_compiled_react-dom_096_9a-._.js:2874
[    3858ms] [TIMESTAMP] a @ http://localhost:3000/_next/static/chunks/node_modules_next_dist_compiled_react-dom_096_9a-._.js:2874
[    3864ms] [TIMESTAMP] a @ http://localhost:3000/_next/static/chunks/node_modules_next_dist_compiled_react-dom_096_9a-._.js:2874
[    3868ms] [TIMESTAMP] Commit @ http://localhost:3000/_next/static/chunks/node_modules_next_dist_compiled_react-dom_096_9a-._.js:2915
[    3874ms] [TIMESTAMP] Waiting for Paint @ http://localhost:3000/_next/static/chunks/node_modules_next_dist_compiled_react-dom_096_9a-._.js:9989
[    3880ms] [TIMESTAMP] Root @ http://localhost:3000/_next/static/chunks/node_modules_next_dist_compiled_react-dom_096_9a-._.js:2804
[    3881ms] [TIMESTAMP] ServerRoot @ http://localhost:3000/_next/static/chunks/node_modules_next_dist_compiled_react-dom_096_9a-._.js:2804
[    3882ms] [TIMESTAMP] AppRouter @ http://localhost:3000/_next/static/chunks/node_modules_next_dist_compiled_react-dom_096_9a-._.js:2804
[    3883ms] [TIMESTAMP] RootErrorBoundary @ http://localhost:3000/_next/static/chunks/node_modules_next_dist_compiled_react-dom_096_9a-._.js:2804
[    3883ms] [TIMESTAMP] ErrorBoundary @ http://localhost:3000/_next/static/chunks/node_modules_next_dist_compiled_react-dom_096_9a-._.js:2804
[    3885ms] [TIMESTAMP] ErrorBoundaryHandler @ http://localhost:3000/_next/static/chunks/node_modules_next_dist_compiled_react-dom_096_9a-._.js:2804
[    3885ms] [TIMESTAMP] Router @ http://localhost:3000/_next/static/chunks/node_modules_next_dist_compiled_react-dom_096_9a-._.js:2804
[    3886ms] [TIMESTAMP] HistoryUpdater @ http://localhost:3000/_next/static/chunks/node_modules_next_dist_compiled_react-dom_096_9a-._.js:2804
[    3887ms] [TIMESTAMP] HotReload @ http://localhost:3000/_next/static/chunks/node_modules_next_dist_compiled_react-dom_096_9a-._.js:2804
[    3888ms] [TIMESTAMP] AppDevOverlayErrorBoundary @ http://localhost:3000/_next/static/chunks/node_modules_next_dist_compiled_react-dom_096_9a-._.js:2804
[    3889ms] [TIMESTAMP] ReplaySsrOnlyErrors @ http://localhost:3000/_next/static/chunks/node_modules_next_dist_compiled_react-dom_096_9a-._.js:2804
[    3889ms] [TIMESTAMP] DevRootHTTPAccessFallbackBoundary @ http://localhost:3000/_next/static/chunks/node_modules_next_dist_compiled_react-dom_096_9a-._.js:2804
[    3890ms] [TIMESTAMP] HTTPAccessFallbackBoundary @ http://localhost:3000/_next/static/chunks/node_modules_next_dist_compiled_react-dom_096_9a-._.js:2804
[    3890ms] [TIMESTAMP] HTTPAccessFallbackErrorBoundary @ http://localhost:3000/_next/static/chunks/node_modules_next_dist_compiled_react-dom_096_9a-._.js:2804
[    3891ms] [TIMESTAMP] RedirectBoundary @ http://localhost:3000/_next/static/chunks/node_modules_next_dist_compiled_react-dom_096_9a-._.js:2804
[    3891ms] [TIMESTAMP] RedirectErrorBoundary @ http://localhost:3000/_next/static/chunks/node_modules_next_dist_compiled_react-dom_096_9a-._.js:2804
[    3892ms] [TIMESTAMP] Head @ http://localhost:3000/_next/static/chunks/node_modules_next_dist_compiled_react-dom_096_9a-._.js:2804
[    3892ms] [TIMESTAMP] __next_viewport_boundary__ @ http://localhost:3000/_next/static/chunks/node_modules_next_dist_compiled_react-dom_096_9a-._.js:2804
[    3893ms] [TIMESTAMP] __next_metadata_boundary__ @ http://localhost:3000/_next/static/chunks/node_modules_next_dist_compiled_react-dom_096_9a-._.js:2804
[    3893ms] [TIMESTAMP] __next_root_layout_boundary__ @ http://localhost:3000/_next/static/chunks/node_modules_next_dist_compiled_react-dom_096_9a-._.js:2804
[    3894ms] [TIMESTAMP] SegmentViewNode @ http://localhost:3000/_next/static/chunks/node_modules_next_dist_compiled_react-dom_096_9a-._.js:2804
[    3898ms] [TIMESTAMP] SegmentTrieNode @ http://localhost:3000/_next/static/chunks/node_modules_next_dist_compiled_react-dom_096_9a-._.js:2804
[    3899ms] [TIMESTAMP] SearchProvider @ http://localhost:3000/_next/static/chunks/node_modules_next_dist_compiled_react-dom_096_9a-._.js:2804
[    3900ms] [TIMESTAMP] PublicLayoutWrapper @ http://localhost:3000/_next/static/chunks/node_modules_next_dist_compiled_react-dom_096_9a-._.js:2804
[    3901ms] [TIMESTAMP] Navbar @ http://localhost:3000/_next/static/chunks/node_modules_next_dist_compiled_react-dom_096_9a-._.js:2804
[    3902ms] [TIMESTAMP] Container @ http://localhost:3000/_next/static/chunks/node_modules_next_dist_compiled_react-dom_096_9a-._.js:2804
[    3903ms] [TIMESTAMP] LinkComponent @ http://localhost:3000/_next/static/chunks/node_modules_next_dist_compiled_react-dom_096_9a-._.js:2804
[    3905ms] [TIMESTAMP] ChevronDown @ http://localhost:3000/_next/static/chunks/node_modules_next_dist_compiled_react-dom_096_9a-._.js:2804
[    3906ms] [TIMESTAMP] ForwardRef @ http://localhost:3000/_next/static/chunks/node_modules_next_dist_compiled_react-dom_096_9a-._.js:2804
[    3906ms] [TIMESTAMP] ChevronDown @ http://localhost:3000/_next/static/chunks/node_modules_next_dist_compiled_react-dom_096_9a-._.js:2804
[    3907ms] [TIMESTAMP] ForwardRef @ http://localhost:3000/_next/static/chunks/node_modules_next_dist_compiled_react-dom_096_9a-._.js:2804
[    3909ms] [TIMESTAMP] LinkComponent @ http://localhost:3000/_next/static/chunks/node_modules_next_dist_compiled_react-dom_096_9a-._.js:2804
[    3910ms] [TIMESTAMP] LinkComponent @ http://localhost:3000/_next/static/chunks/node_modules_next_dist_compiled_react-dom_096_9a-._.js:2804
[    3911ms] [TIMESTAMP] LinkComponent @ http://localhost:3000/_next/static/chunks/node_modules_next_dist_compiled_react-dom_096_9a-._.js:2804
[    3912ms] [TIMESTAMP] LinkComponent @ http://localhost:3000/_next/static/chunks/node_modules_next_dist_compiled_react-dom_096_9a-._.js:2804
[    3913ms] [TIMESTAMP] LinkComponent @ http://localhost:3000/_next/static/chunks/node_modules_next_dist_compiled_react-dom_096_9a-._.js:2804
[    3913ms] [TIMESTAMP] Search @ http://localhost:3000/_next/static/chunks/node_modules_next_dist_compiled_react-dom_096_9a-._.js:2804
[    3918ms] [TIMESTAMP] ForwardRef @ http://localhost:3000/_next/static/chunks/node_modules_next_dist_compiled_react-dom_096_9a-._.js:2804
[    3919ms] [TIMESTAMP] LinkComponent @ http://localhost:3000/_next/static/chunks/node_modules_next_dist_compiled_react-dom_096_9a-._.js:2804
[    3920ms] [TIMESTAMP] Menu @ http://localhost:3000/_next/static/chunks/node_modules_next_dist_compiled_react-dom_096_9a-._.js:2804
[    3922ms] [TIMESTAMP] ForwardRef @ http://localhost:3000/_next/static/chunks/node_modules_next_dist_compiled_react-dom_096_9a-._.js:2804
[    3926ms] [TIMESTAMP] Navbar @ http://localhost:3000/_next/static/chunks/node_modules_next_dist_compiled_react-dom_096_9a-._.js:2874
[    3927ms] [TIMESTAMP] OuterLayoutRouter @ http://localhost:3000/_next/static/chunks/node_modules_next_dist_compiled_react-dom_096_9a-._.js:2804
[    3928ms] [TIMESTAMP] SegmentStateProvider @ http://localhost:3000/_next/static/chunks/node_modules_next_dist_compiled_react-dom_096_9a-._.js:2804
[    3936ms] [TIMESTAMP] RenderFromTemplateContext @ http://localhost:3000/_next/static/chunks/node_modules_next_dist_compiled_react-dom_096_9a-._.js:2804
[    3936ms] [TIMESTAMP] ScrollAndMaybeFocusHandler @ http://localhost:3000/_next/static/chunks/node_modules_next_dist_compiled_react-dom_096_9a-._.js:2804
[    3936ms] [TIMESTAMP] InnerScrollAndFocusHandlerOld @ http://localhost:3000/_next/static/chunks/node_modules_next_dist_compiled_react-dom_096_9a-._.js:2804
[    3936ms] [TIMESTAMP] ErrorBoundary @ http://localhost:3000/_next/static/chunks/node_modules_next_dist_compiled_react-dom_096_9a-._.js:2804
[    3937ms] [TIMESTAMP] LoadingBoundary @ http://localhost:3000/_next/static/chunks/node_modules_next_dist_compiled_react-dom_096_9a-._.js:2804
[    3937ms] [TIMESTAMP] HTTPAccessFallbackBoundary @ http://localhost:3000/_next/static/chunks/node_modules_next_dist_compiled_react-dom_096_9a-._.js:2804
[    3938ms] [TIMESTAMP] HTTPAccessFallbackErrorBoundary @ http://localhost:3000/_next/static/chunks/node_modules_next_dist_compiled_react-dom_096_9a-._.js:2804
[    3938ms] [TIMESTAMP] RedirectBoundary @ http://localhost:3000/_next/static/chunks/node_modules_next_dist_compiled_react-dom_096_9a-._.js:2804
[    3943ms] [TIMESTAMP] RedirectErrorBoundary @ http://localhost:3000/_next/static/chunks/node_modules_next_dist_compiled_react-dom_096_9a-._.js:2804
[    3945ms] [TIMESTAMP] InnerLayoutRouter @ http://localhost:3000/_next/static/chunks/node_modules_next_dist_compiled_react-dom_096_9a-._.js:2804
[    3945ms] [TIMESTAMP] SegmentViewNode @ http://localhost:3000/_next/static/chunks/node_modules_next_dist_compiled_react-dom_096_9a-._.js:2804
[    3946ms] [TIMESTAMP] SegmentTrieNode @ http://localhost:3000/_next/static/chunks/node_modules_next_dist_compiled_react-dom_096_9a-._.js:2804
[    3948ms] [TIMESTAMP] LinkComponent @ http://localhost:3000/_next/static/chunks/node_modules_next_dist_compiled_react-dom_096_9a-._.js:2804
[    3949ms] [TIMESTAMP] LinkComponent @ http://localhost:3000/_next/static/chunks/node_modules_next_dist_compiled_react-dom_096_9a-._.js:2804
[    3950ms] [TIMESTAMP] LinkComponent @ http://localhost:3000/_next/static/chunks/node_modules_next_dist_compiled_react-dom_096_9a-._.js:2804
[    3951ms] [TIMESTAMP] ForwardRef @ http://localhost:3000/_next/static/chunks/node_modules_next_dist_compiled_react-dom_096_9a-._.js:2804
[    3952ms] [TIMESTAMP] LinkComponent @ http://localhost:3000/_next/static/chunks/node_modules_next_dist_compiled_react-dom_096_9a-._.js:2804
[    3953ms] [TIMESTAMP] ForwardRef @ http://localhost:3000/_next/static/chunks/node_modules_next_dist_compiled_react-dom_096_9a-._.js:2804
[    3954ms] [TIMESTAMP] LinkComponent @ http://localhost:3000/_next/static/chunks/node_modules_next_dist_compiled_react-dom_096_9a-._.js:2804
[    3954ms] [TIMESTAMP] ForwardRef @ http://localhost:3000/_next/static/chunks/node_modules_next_dist_compiled_react-dom_096_9a-._.js:2804
[    3956ms] [TIMESTAMP] LinkComponent @ http://localhost:3000/_next/static/chunks/node_modules_next_dist_compiled_react-dom_096_9a-._.js:2804
[    3956ms] [TIMESTAMP] ForwardRef @ http://localhost:3000/_next/static/chunks/node_modules_next_dist_compiled_react-dom_096_9a-._.js:2804
[    3957ms] [TIMESTAMP] LinkComponent @ http://localhost:3000/_next/static/chunks/node_modules_next_dist_compiled_react-dom_096_9a-._.js:2804
[    3958ms] [TIMESTAMP] LinkComponent @ http://localhost:3000/_next/static/chunks/node_modules_next_dist_compiled_react-dom_096_9a-._.js:2804
[    3959ms] [TIMESTAMP] LinkComponent @ http://localhost:3000/_next/static/chunks/node_modules_next_dist_compiled_react-dom_096_9a-._.js:2804
[    3960ms] [TIMESTAMP] ForwardRef @ http://localhost:3000/_next/static/chunks/node_modules_next_dist_compiled_react-dom_096_9a-._.js:2804
[    3962ms] [TIMESTAMP] ForwardRef @ http://localhost:3000/_next/static/chunks/node_modules_next_dist_compiled_react-dom_096_9a-._.js:2804
[    3963ms] [TIMESTAMP] ImagePreload @ http://localhost:3000/_next/static/chunks/node_modules_next_dist_compiled_react-dom_096_9a-._.js:2804
[    3964ms] [TIMESTAMP] LinkComponent @ http://localhost:3000/_next/static/chunks/node_modules_next_dist_compiled_react-dom_096_9a-._.js:2804
[    3965ms] [TIMESTAMP] LinkComponent @ http://localhost:3000/_next/static/chunks/node_modules_next_dist_compiled_react-dom_096_9a-._.js:2804
[    3966ms] [TIMESTAMP] LinkComponent @ http://localhost:3000/_next/static/chunks/node_modules_next_dist_compiled_react-dom_096_9a-._.js:2804
[    3967ms] [TIMESTAMP] LinkComponent @ http://localhost:3000/_next/static/chunks/node_modules_next_dist_compiled_react-dom_096_9a-._.js:2804
[    3968ms] [TIMESTAMP] LinkComponent @ http://localhost:3000/_next/static/chunks/node_modules_next_dist_compiled_react-dom_096_9a-._.js:2804
[    3969ms] [TIMESTAMP] __next_outlet_boundary__ @ http://localhost:3000/_next/static/chunks/node_modules_next_dist_compiled_react-dom_096_9a-._.js:2804
[    3969ms] [TIMESTAMP] SegmentViewStateNode @ http://localhost:3000/_next/static/chunks/node_modules_next_dist_compiled_react-dom_096_9a-._.js:2804
[    3970ms] [TIMESTAMP] SegmentViewNode @ http://localhost:3000/_next/static/chunks/node_modules_next_dist_compiled_react-dom_096_9a-._.js:2804
[    3972ms] [TIMESTAMP] SegmentViewNode @ http://localhost:3000/_next/static/chunks/node_modules_next_dist_compiled_react-dom_096_9a-._.js:2804
[    3972ms] [TIMESTAMP] SegmentTrieNode @ http://localhost:3000/_next/static/chunks/node_modules_next_dist_compiled_react-dom_096_9a-._.js:2804
[    3973ms] [TIMESTAMP] LinkComponent @ http://localhost:3000/_next/static/chunks/node_modules_next_dist_compiled_react-dom_096_9a-._.js:2804
[    3974ms] [TIMESTAMP] LinkComponent @ http://localhost:3000/_next/static/chunks/node_modules_next_dist_compiled_react-dom_096_9a-._.js:2804
[    3974ms] [TIMESTAMP] LinkComponent @ http://localhost:3000/_next/static/chunks/node_modules_next_dist_compiled_react-dom_096_9a-._.js:2804
[    3975ms] [TIMESTAMP] LinkComponent @ http://localhost:3000/_next/static/chunks/node_modules_next_dist_compiled_react-dom_096_9a-._.js:2804
[    3976ms] [TIMESTAMP] LinkComponent @ http://localhost:3000/_next/static/chunks/node_modules_next_dist_compiled_react-dom_096_9a-._.js:2804
[    3977ms] [TIMESTAMP] LinkComponent @ http://localhost:3000/_next/static/chunks/node_modules_next_dist_compiled_react-dom_096_9a-._.js:2804
[    3978ms] [TIMESTAMP] LinkComponent @ http://localhost:3000/_next/static/chunks/node_modules_next_dist_compiled_react-dom_096_9a-._.js:2804
[    3978ms] [TIMESTAMP] LinkComponent @ http://localhost:3000/_next/static/chunks/node_modules_next_dist_compiled_react-dom_096_9a-._.js:2804
[    3979ms] [TIMESTAMP] LinkComponent @ http://localhost:3000/_next/static/chunks/node_modules_next_dist_compiled_react-dom_096_9a-._.js:2804
[    3980ms] [TIMESTAMP] LinkComponent @ http://localhost:3000/_next/static/chunks/node_modules_next_dist_compiled_react-dom_096_9a-._.js:2804
[    3981ms] [TIMESTAMP] LinkComponent @ http://localhost:3000/_next/static/chunks/node_modules_next_dist_compiled_react-dom_096_9a-._.js:2804
[    3981ms] [TIMESTAMP] SearchModal @ http://localhost:3000/_next/static/chunks/node_modules_next_dist_compiled_react-dom_096_9a-._.js:2804
[    3983ms] [TIMESTAMP] SearchModal @ http://localhost:3000/_next/static/chunks/node_modules_next_dist_compiled_react-dom_096_9a-._.js:2874
[    3983ms] [TIMESTAMP] AppRouterAnnouncer @ http://localhost:3000/_next/static/chunks/node_modules_next_dist_compiled_react-dom_096_9a-._.js:2804
[    3985ms] [TIMESTAMP] AppRouterAnnouncer @ http://localhost:3000/_next/static/chunks/node_modules_next_dist_compiled_react-dom_096_9a-._.js:2874
[    3986ms] [TIMESTAMP] Router @ http://localhost:3000/_next/static/chunks/node_modules_next_dist_compiled_react-dom_096_9a-._.js:2874
[    3987ms] [TIMESTAMP] Remaining Effects @ http://localhost:3000/_next/static/chunks/node_modules_next_dist_compiled_react-dom_096_9a-._.js:10005
[    4032ms] [TIMESTAMP] Blocking Track @ http://localhost:3000/_next/static/chunks/node_modules_next_dist_compiled_react-dom_096_9a-._.js:9246
[    4034ms] [TIMESTAMP] Transition Track @ http://localhost:3000/_next/static/chunks/node_modules_next_dist_compiled_react-dom_096_9a-._.js:9246
[    4035ms] [TIMESTAMP] Suspense Track @ http://localhost:3000/_next/static/chunks/node_modules_next_dist_compiled_react-dom_096_9a-._.js:9246
[    4036ms] [TIMESTAMP] Idle Track @ http://localhost:3000/_next/static/chunks/node_modules_next_dist_compiled_react-dom_096_9a-._.js:9246
[    4047ms] [TIMESTAMP] Render @ http://localhost:3000/_next/static/chunks/node_modules_next_dist_compiled_react-dom_096_9a-._.js:9696
[    4048ms] [TIMESTAMP] Commit @ http://localhost:3000/_next/static/chunks/node_modules_next_dist_compiled_react-dom_096_9a-._.js:2915
[    4053ms] [TIMESTAMP] Waiting for Paint @ http://localhost:3000/_next/static/chunks/node_modules_next_dist_compiled_react-dom_096_9a-._.js:9989
[    4059ms] [TIMESTAMP] SearchModal @ http://localhost:3000/_next/static/chunks/node_modules_next_dist_compiled_react-dom_096_9a-._.js:2804
[    4062ms] [TIMESTAMP] AppRouterAnnouncer @ http://localhost:3000/_next/static/chunks/node_modules_next_dist_compiled_react-dom_096_9a-._.js:2804
[    4068ms] [TIMESTAMP] Remaining Effects @ http://localhost:3000/_next/static/chunks/node_modules_next_dist_compiled_react-dom_096_9a-._.js:10005
[    4072ms] [TIMESTAMP] Blocking Track @ http://localhost:3000/_next/static/chunks/node_modules_next_dist_compiled_react-dom_096_9a-._.js:9246
[    4074ms] [TIMESTAMP] Transition Track @ http://localhost:3000/_next/static/chunks/node_modules_next_dist_compiled_react-dom_096_9a-._.js:9246
[    4075ms] [TIMESTAMP] Suspense Track @ http://localhost:3000/_next/static/chunks/node_modules_next_dist_compiled_react-dom_096_9a-._.js:9246
[    4075ms] [TIMESTAMP] Idle Track @ http://localhost:3000/_next/static/chunks/node_modules_next_dist_compiled_react-dom_096_9a-._.js:9246
[    4080ms] [TIMESTAMP] Render @ http://localhost:3000/_next/static/chunks/node_modules_next_dist_compiled_react-dom_096_9a-._.js:9696
[    4081ms] [TIMESTAMP] Commit @ http://localhost:3000/_next/static/chunks/node_modules_next_dist_compiled_react-dom_096_9a-._.js:2915
[    4083ms] [TIMESTAMP] Waiting for Paint @ http://localhost:3000/_next/static/chunks/node_modules_next_dist_compiled_react-dom_096_9a-._.js:9989
[    4084ms] [TIMESTAMP] Remaining Effects @ http://localhost:3000/_next/static/chunks/node_modules_next_dist_compiled_react-dom_096_9a-._.js:10005
[    4084ms] [TIMESTAMP] Blocking Track @ http://localhost:3000/_next/static/chunks/node_modules_next_dist_compiled_react-dom_096_9a-._.js:9246
[    4084ms] [TIMESTAMP] Transition Track @ http://localhost:3000/_next/static/chunks/node_modules_next_dist_compiled_react-dom_096_9a-._.js:9246
[    4085ms] [TIMESTAMP] Suspense Track @ http://localhost:3000/_next/static/chunks/node_modules_next_dist_compiled_react-dom_096_9a-._.js:9246
[    4085ms] [TIMESTAMP] Idle Track @ http://localhost:3000/_next/static/chunks/node_modules_next_dist_compiled_react-dom_096_9a-._.js:9246
[    4090ms] [TIMESTAMP] Prepared @ http://localhost:3000/_next/static/chunks/node_modules_next_dist_compiled_react-dom_096_9a-._.js:9696
[    4092ms] [TIMESTAMP] Commit @ http://localhost:3000/_next/static/chunks/node_modules_next_dist_compiled_react-dom_096_9a-._.js:2915
[    4094ms] [TIMESTAMP] Waiting for Paint @ http://localhost:3000/_next/static/chunks/node_modules_next_dist_compiled_react-dom_096_9a-._.js:9989
[    4232ms] [TIMESTAMP] Blocking Track @ http://localhost:3000/_next/static/chunks/node_modules_next_dist_compiled_react-dom_096_9a-._.js:9246
[    4235ms] [TIMESTAMP] Transition Track @ http://localhost:3000/_next/static/chunks/node_modules_next_dist_compiled_react-dom_096_9a-._.js:9246
[    4236ms] [TIMESTAMP] Suspense Track @ http://localhost:3000/_next/static/chunks/node_modules_next_dist_compiled_react-dom_096_9a-._.js:9246
[    4236ms] [TIMESTAMP] Idle Track @ http://localhost:3000/_next/static/chunks/node_modules_next_dist_compiled_react-dom_096_9a-._.js:9246
[    4247ms] [TIMESTAMP] Render @ http://localhost:3000/_next/static/chunks/node_modules_next_dist_compiled_react-dom_096_9a-._.js:9696
[    4251ms] [TIMESTAMP] Commit @ http://localhost:3000/_next/static/chunks/node_modules_next_dist_compiled_react-dom_096_9a-._.js:2915
[    4253ms] [TIMESTAMP] Waiting for Paint @ http://localhost:3000/_next/static/chunks/node_modules_next_dist_compiled_react-dom_096_9a-._.js:9989
[    4253ms] [TIMESTAMP] Navbar @ http://localhost:3000/_next/static/chunks/node_modules_next_dist_compiled_react-dom_096_9a-._.js:2804
[    4254ms] [TIMESTAMP] ChevronDown @ http://localhost:3000/_next/static/chunks/node_modules_next_dist_compiled_react-dom_096_9a-._.js:2804
[    4254ms] [TIMESTAMP] ForwardRef @ http://localhost:3000/_next/static/chunks/node_modules_next_dist_compiled_react-dom_096_9a-._.js:2804
[    4255ms] [TIMESTAMP] LinkComponent @ http://localhost:3000/_next/static/chunks/node_modules_next_dist_compiled_react-dom_096_9a-._.js:2804
[    4256ms] [TIMESTAMP] LinkComponent @ http://localhost:3000/_next/static/chunks/node_modules_next_dist_compiled_react-dom_096_9a-._.js:2804
[    4256ms] [TIMESTAMP] LinkComponent @ http://localhost:3000/_next/static/chunks/node_modules_next_dist_compiled_react-dom_096_9a-._.js:2804
[    4256ms] [TIMESTAMP] LinkComponent @ http://localhost:3000/_next/static/chunks/node_modules_next_dist_compiled_react-dom_096_9a-._.js:2804
[    4256ms] [TIMESTAMP] LinkComponent @ http://localhost:3000/_next/static/chunks/node_modules_next_dist_compiled_react-dom_096_9a-._.js:2804
[    4257ms] [TIMESTAMP] Search @ http://localhost:3000/_next/static/chunks/node_modules_next_dist_compiled_react-dom_096_9a-._.js:2804
[    4257ms] [TIMESTAMP] ForwardRef @ http://localhost:3000/_next/static/chunks/node_modules_next_dist_compiled_react-dom_096_9a-._.js:2804
[    4258ms] [TIMESTAMP] LinkComponent @ http://localhost:3000/_next/static/chunks/node_modules_next_dist_compiled_react-dom_096_9a-._.js:2804
[    4258ms] [TIMESTAMP] Menu @ http://localhost:3000/_next/static/chunks/node_modules_next_dist_compiled_react-dom_096_9a-._.js:2804
[    4259ms] [TIMESTAMP] ForwardRef @ http://localhost:3000/_next/static/chunks/node_modules_next_dist_compiled_react-dom_096_9a-._.js:2804
[    4259ms] [TIMESTAMP] Remaining Effects @ http://localhost:3000/_next/static/chunks/node_modules_next_dist_compiled_react-dom_096_9a-._.js:10005
[   11902ms] [WARNING] [JavaScript Warning: "The resource at “http://localhost:3000/_next/static/media/5838bc3f070fd510-s.p.3vga9zqu1bmt7.woff2” preloaded with link preload was not used within a few seconds. Make sure all attributes of the preload tag are set correctly." {file: "http://localhost:3000/" line: 0}] @ http://localhost:3000/:0
[   11903ms] [WARNING] [JavaScript Warning: "The resource at “http://localhost:3000/_next/static/media/70bc3e132a0a741e-s.p.3t6q91iet4nsy.woff2” preloaded with link preload was not used within a few seconds. Make sure all attributes of the preload tag are set correctly." {file: "http://localhost:3000/" line: 0}] @ http://localhost:3000/:0
[   11904ms] [WARNING] [JavaScript Warning: "The resource at “http://localhost:3000/_next/static/media/fcdafff93183a575-s.p.0ab1x-y9kciz7.woff2” preloaded with link preload was not used within a few seconds. Make sure all attributes of the preload tag are set correctly." {file: "http://localhost:3000/" line: 0}] @ http://localhost:3000/:0
[   13084ms] [WARNING] [JavaScript Warning: "The resource at “http://localhost:3000/_next/static/media/1f95d4beca86b0f6-s.p.0nu0d1-zq0f7n.woff2” preloaded with link preload was not used within a few seconds. Make sure all attributes of the preload tag are set correctly." {file: "http://localhost:3000/" line: 0}] @ http://localhost:3000/:0
[   13086ms] [WARNING] [JavaScript Warning: "The resource at “http://localhost:3000/_next/static/media/34478e929f11203a-s.p.43mqagctl8tum.woff2” preloaded with link preload was not used within a few seconds. Make sure all attributes of the preload tag are set correctly." {file: "http://localhost:3000/" line: 0}] @ http://localhost:3000/:0
[   13086ms] [WARNING] [JavaScript Warning: "The resource at “http://localhost:3000/_next/static/media/41931bcfb0882149-s.p.25nryw0o9gs0k.woff2” preloaded with link preload was not used within a few seconds. Make sure all attributes of the preload tag are set correctly." {file: "http://localhost:3000/" line: 0}] @ http://localhost:3000/:0
[   13087ms] [WARNING] [JavaScript Warning: "The resource at “http://localhost:3000/_next/static/media/7ca7a04daf1e7f98-s.p.2ih2w5qn4g81_.woff2” preloaded with link preload was not used within a few seconds. Make sure all attributes of the preload tag are set correctly." {file: "http://localhost:3000/" line: 0}] @ http://localhost:3000/:0
[   13088ms] [WARNING] [JavaScript Warning: "The resource at “http://localhost:3000/_next/static/media/83afe278b6a6bb3c-s.p.2bn3s6zvc0dyp.woff2” preloaded with link preload was not used within a few seconds. Make sure all attributes of the preload tag are set correctly." {file: "http://localhost:3000/" line: 0}] @ http://localhost:3000/:0
[   13088ms] [WARNING] [JavaScript Warning: "The resource at “http://localhost:3000/_next/static/media/d62a86ea65eb628c-s.p.3eswb6t44uyhi.woff2” preloaded with link preload was not used within a few seconds. Make sure all attributes of the preload tag are set correctly." {file: "http://localhost:3000/" line: 0}] @ http://localhost:3000/:0
